\BOOKMARK [1][-]{section.1}{\376\377\000A\000t\000o\000m\000o}{}% 1
\BOOKMARK [2][-]{subsection.1.1}{\376\377\000D\000e\000f\000i\000n\000i\000z\000i\000o\000n\000i\000\040\000d\000i\000\040\000B\000a\000s\000e}{section.1}% 2
\BOOKMARK [2][-]{subsection.1.2}{\376\377\000A\000t\000o\000m\000i}{section.1}% 3
\BOOKMARK [2][-]{subsection.1.3}{\376\377\000N\000u\000c\000l\000i\000d\000i}{section.1}% 4
\BOOKMARK [2][-]{subsection.1.4}{\376\377\000I\000s\000o\000t\000o\000p\000i}{section.1}% 5
\BOOKMARK [2][-]{subsection.1.5}{\376\377\000T\000a\000v\000o\000l\000a\000\040\000P\000e\000r\000i\000o\000d\000i\000c\000a}{section.1}% 6
\BOOKMARK [2][-]{subsection.1.6}{\376\377\000M\000a\000s\000s\000a\000\040\000A\000t\000o\000m\000i\000c\000a}{section.1}% 7
\BOOKMARK [2][-]{subsection.1.7}{\376\377\000M\000o\000l\000e\000\040\000e\000\040\000M\000a\000s\000s\000a\000\040\000M\000o\000l\000e\000c\000o\000l\000a\000r\000e}{section.1}% 8
\BOOKMARK [2][-]{subsection.1.8}{\376\377\000M\000o\000d\000e\000r\000n\000a\000\040\000T\000e\000o\000r\000i\000a\000\040\000A\000t\000o\000m\000i\000c\000a}{section.1}% 9
\BOOKMARK [3][-]{subsubsection.1.8.1}{\376\377\000E\000q\000u\000a\000z\000i\000o\000n\000i\000\040\000d\000i\000\040\000D\000e\000\040\000B\000r\000o\000g\000l\000i\000e}{subsection.1.8}% 10
\BOOKMARK [3][-]{subsubsection.1.8.2}{\376\377\000P\000r\000i\000n\000c\000i\000p\000i\000o\000\040\000d\000i\000\040\000I\000n\000d\000e\000t\000e\000r\000m\000i\000n\000a\000z\000i\000o\000n\000e}{subsection.1.8}% 11
\BOOKMARK [3][-]{subsubsection.1.8.3}{\376\377\000E\000q\000u\000a\000z\000i\000o\000n\000e\000\040\000d\000i\000\040\000S\000c\000h\000r\000o\000d\000i\000n\000g\000e\000r}{subsection.1.8}% 12
\BOOKMARK [3][-]{subsubsection.1.8.4}{\376\377\000E\000n\000e\000r\000g\000i\000a\000\040\000e\000\040\000O\000r\000b\000i\000t\000a\000l\000i}{subsection.1.8}% 13
\BOOKMARK [3][-]{subsubsection.1.8.5}{\376\377\000C\000o\000m\000e\000\040\000s\000o\000n\000o\000\040\000f\000a\000t\000t\000i\000\040\000g\000l\000i\000\040\000o\000r\000b\000i\000t\000a\000l\000i\000?}{subsection.1.8}% 14
\BOOKMARK [3][-]{subsubsection.1.8.6}{\376\377\000G\000l\000i\000\040\000a\000t\000o\000m\000i\000\040\000p\000o\000l\000i\000e\000l\000e\000t\000t\000r\000o\000n\000i\000c}{subsection.1.8}% 15
\BOOKMARK [3][-]{subsubsection.1.8.7}{\376\377\000E\000f\000f\000e\000t\000t\000o\000\040\000S\000c\000h\000e\000r\000m\000o}{subsection.1.8}% 16
\BOOKMARK [3][-]{subsubsection.1.8.8}{\376\377\000P\000i\000\371\000\040\000o\000r\000b\000i\000t\000a\000l\000i}{subsection.1.8}% 17
\BOOKMARK [3][-]{subsubsection.1.8.9}{\376\377\000P\000r\000i\000n\000c\000i\000p\000i\000o\000\040\000d\000i\000\040\000e\000s\000c\000l\000u\000s\000i\000o\000n\000e\000\040\000d\000i\000\040\000P\000a\000u\000l\000i}{subsection.1.8}% 18
\BOOKMARK [3][-]{subsubsection.1.8.10}{\376\377\000P\000r\000i\000n\000c\000i\000p\000i\000o\000\040\000d\000i\000\040\000A\000u\000f\000b\000a\000u}{subsection.1.8}% 19
\BOOKMARK [2][-]{subsection.1.9}{\376\377\000E\000l\000e\000m\000e\000n\000t\000i\000\040\000d\000i\000a\000m\000a\000g\000n\000e\000i\000c\000i\000\040\000e\000\040\000p\000a\000r\000a\000m\000a\000g\000n\000e\000i\000t\000i\000c\000i}{section.1}% 20
\BOOKMARK [2][-]{subsection.1.10}{\376\377\000E\000l\000e\000t\000t\000r\000o\000n\000i\000\040\000d\000i\000\040\000V\000a\000l\000e\000n\000z\000a\000\040\000e\000d\000\040\000I\000n\000t\000e\000r\000n\000i}{section.1}% 21
\BOOKMARK [2][-]{subsection.1.11}{\376\377\000P\000r\000o\000p\000r\000i\000e\000t\000\340\000\040\000p\000e\000r\000i\000o\000d\000i\000c\000h\000e}{section.1}% 22
\BOOKMARK [3][-]{subsubsection.1.11.1}{\376\377\000R\000a\000g\000g\000i\000o\000\040\000A\000t\000o\000m\000i\000c\000o}{subsection.1.11}% 23
\BOOKMARK [3][-]{subsubsection.1.11.2}{\376\377\000R\000a\000g\000g\000i\000o\000\040\000I\000o\000n\000i\000c\000o}{subsection.1.11}% 24
\BOOKMARK [3][-]{subsubsection.1.11.3}{\376\377\000E\000n\000e\000r\000g\000i\000a\000\040\000d\000i\000\040\000I\000o\000n\000i\000z\000z\000a\000z\000i\000o\000n\000e}{subsection.1.11}% 25
\BOOKMARK [3][-]{subsubsection.1.11.4}{\376\377\000A\000f\000f\000i\000n\000i\000t\000\340\000\040\000e\000l\000e\000t\000t\000r\000o\000n\000i\000c\000a}{subsection.1.11}% 26
\BOOKMARK [3][-]{subsubsection.1.11.5}{\376\377\000E\000l\000e\000t\000t\000r\000o\000n\000e\000g\000a\000t\000i\000v\000i\000t\000\340}{subsection.1.11}% 27
\BOOKMARK [1][-]{section.2}{\376\377\000F\000o\000r\000m\000a\000z\000i\000o\000n\000e\000\040\000d\000i\000\040\000u\000n\000o\000\040\000I\000o\000n\000e}{}% 28
\BOOKMARK [2][-]{subsection.2.1}{\376\377\000I\000o\000n\000i}{section.2}% 29
\BOOKMARK [2][-]{subsection.2.2}{\376\377\000S\000t\000a\000t\000o\000\040\000d\000i\000\040\000O\000s\000s\000i\000d\000a\000z\000i\000o\000n\000e}{section.2}% 30
\BOOKMARK [2][-]{subsection.2.3}{\376\377\000N\000u\000m\000e\000r\000o\000\040\000d\000i\000\040\000O\000s\000s\000i\000d\000a\000z\000i\000o\000n\000e}{section.2}% 31
\BOOKMARK [1][-]{section.3}{\376\377\000F\000o\000r\000m\000u\000l\000a\000\040\000M\000o\000l\000e\000c\000o\000l\000a\000r\000e}{}% 32
\BOOKMARK [2][-]{subsection.3.1}{\376\377\000P\000e\000r\000c\000e\000n\000t\000u\000a\000l\000i\000\040\000i\000n\000\040\000M\000a\000s\000s\000a}{section.3}% 33
\BOOKMARK [2][-]{subsection.3.2}{\376\377\000F\000o\000r\000m\000u\000l\000a\000\040\000M\000i\000n\000i\000m\000a}{section.3}% 34
\BOOKMARK [1][-]{section.4}{\376\377\000N\000o\000m\000e\000n\000c\000l\000a\000t\000u\000r\000a}{}% 35
